<?xml version="1.0" encoding="UTF-8"?>
<!-- Generated by org.testng.reporters.JUnitReportReporter -->
<testsuite skipped="0" hostname="Reshmika" name="OperationsOnWebElements.TextBox" tests="1" failures="0" timestamp="20 Apr 2019 08:42:24 GMT" time="35.820" errors="0">
  <testcase name="MagnusOpen" time="35.820" classname="OperationsOnWebElements.TextBox"/>
</testsuite> <!-- OperationsOnWebElements.TextBox -->
